<?xml version="1.0" encoding="UTF-8"?>
<testng-results ignored="0" total="1" passed="1" failed="0" skipped="0">
  <reporter-output>
  </reporter-output>
  <suite started-at="2024-01-18T10:29:51 IST" name="Default suite" finished-at="2024-01-18T10:29:51 IST" duration-ms="186">
    <groups>
    </groups>
    <test started-at="2024-01-18T10:29:51 IST" name="Default test" finished-at="2024-01-18T10:29:51 IST" duration-ms="186">
      <class name="repo.demo$Demo">
        <test-method signature="demo()[pri:0, instance:repo.demo$Demo@272113c4]" started-at="2024-01-18T10:29:51 IST" name="demo" finished-at="2024-01-18T10:29:51 IST" duration-ms="21" status="PASS">
          <reporter-output>
          </reporter-output>
        </test-method> <!-- demo -->
      </class> <!-- repo.demo$Demo -->
    </test> <!-- Default test -->
  </suite> <!-- Default suite -->
</testng-results>
